<?xml version="1.0" encoding="UTF-8"?>
<testsuite xmlns:xsi="http://www.w3.org/2001/XMLSchema-instance" xsi:noNamespaceSchemaLocation="https://maven.apache.org/surefire/maven-surefire-plugin/xsd/surefire-test-report-3.0.xsd" version="3.0" name="com.example.CalculatorComponentTest" time="0.042" tests="8" errors="0" skipped="0" failures="0">
  <properties>
[...]
</properties>
  <testcase name="divide_zeroDivisor_throwsIAE" classname="com.example.CalculatorComponentTest" time="0.003"/>
  <testcase name="add_twoNegatives_returnsNegativeSum" classname="com.example.CalculatorComponentTest" time="0.0"/>
  <testcase name="multiply_withZero_returnsZero" classname="com.example.CalculatorComponentTest" time="0.0"/>
  <testcase name="subtract_twoPositives_returnsDifference" classname="com.example.CalculatorComponentTest" time="0.0"/>
  <testcase name="divide_twoPositives_returnsQuotient" classname="com.example.CalculatorComponentTest" time="0.0"/>
  <testcase name="add_withZero_returnsSameNumber" classname="com.example.CalculatorComponentTest" time="0.0"/>
  <testcase name="multiply_twoNegatives_returnsPositive" classname="com.example.CalculatorComponentTest" time="0.0"/>
  <testcase name="add_twoPositives_returnsSum" classname="com.example.CalculatorComponentTest" time="0.0"/>
</testsuite>